Build started 2014-08-13 7:04:29 PM.
     1>Project "C:\Users\Mathieu\Documents\GitHub\Deuterium\GameEngine\Example\RotatingCube\RotatingCube.vcxproj" on node 2 (Build target(s)).
     1>ClCompile:
         C:\Program Files (x86)\Microsoft Visual Studio 11.0\VC\bin\CL.exe /c /IC:\Users\Mathieu\Documents\GitHub\Deuterium\GameEngine\\Deuterium\ /ZI /nologo /W3 /WX- /sdl /Od /Oy- /D WIN32 /D _DEBUG /D DEUTERIUM_PC /D _CONSOLE /D _UNICODE /D UNICODE /Gm /EHsc /RTC1 /MDd /GS /fp:precise /Zc:wchar_t /Zc:forScope /Fo"Debug\\" /Fd"Debug\vc110.pdb" /Gd /TP /analyze- /errorReport:prompt client_game_core.cpp main.cpp
         client_game_core.cpp
     1>c:\users\mathieu\documents\github\deuterium\gameengine\deuterium\render_pass.h(27): error C2059: syntax error : '}'
     1>c:\users\mathieu\documents\github\deuterium\gameengine\deuterium\render_pass.h(27): error C2143: syntax error : missing ';' before '}'
     1>c:\users\mathieu\documents\github\deuterium\gameengine\deuterium\render_pass.h(27): error C2238: unexpected token(s) preceding ';'
         Generating Code...
         Compiling...
         main.cpp
     1>c:\users\mathieu\documents\github\deuterium\gameengine\deuterium\render_pass.h(27): error C2059: syntax error : '}'
     1>c:\users\mathieu\documents\github\deuterium\gameengine\deuterium\render_pass.h(27): error C2143: syntax error : missing ';' before '}'
     1>c:\users\mathieu\documents\github\deuterium\gameengine\deuterium\render_pass.h(27): error C2238: unexpected token(s) preceding ';'
         Generating Code...
     1>Done Building Project "C:\Users\Mathieu\Documents\GitHub\Deuterium\GameEngine\Example\RotatingCube\RotatingCube.vcxproj" (Build target(s)) -- FAILED.

Build FAILED.

Time Elapsed 00:00:01.76
