Build started 2014-06-27 1:55:35 PM.
     1>Project "C:\Users\Mathieu\Documents\GitHub\Deuterium\GameEngine\DeuteriumShadingMarkup\DeuteriumShadingMarkup.vcxproj" on node 3 (Build target(s)).
     1>ClCompile:
         C:\Program Files (x86)\Microsoft Visual Studio 11.0\VC\bin\CL.exe /c /ZI /nologo /W3 /WX- /sdl /Od /Oy- /D WIN32 /D _DEBUG /D _CONSOLE /D _UNICODE /D UNICODE /Gm /EHsc /RTC1 /MDd /GS /fp:precise /Zc:wchar_t /Zc:forScope /Fo"Debug\\" /Fd"Debug\vc110.pdb" /Gd /TP /analyze- /errorReport:prompt dsm_error.cpp loader.cpp node.cpp parser.cpp render_pipe.cpp
         render_pipe.cpp
         parser.cpp
         node.cpp
     1>c:\users\mathieu\documents\github\deuterium\gameengine\deuteriumshadingmarkup\node.cpp(13): warning C4018: '<' : signed/unsigned mismatch
     1>c:\users\mathieu\documents\github\deuterium\gameengine\deuteriumshadingmarkup\node.cpp(16): error C2059: syntax error : '}'
         loader.cpp
         dsm_error.cpp
         Generating Code...
     1>Done Building Project "C:\Users\Mathieu\Documents\GitHub\Deuterium\GameEngine\DeuteriumShadingMarkup\DeuteriumShadingMarkup.vcxproj" (Build target(s)) -- FAILED.

Build FAILED.

Time Elapsed 00:00:00.81
